[09:59:50] [Server console handler/ERROR]: Exception handling console input
java.io.IOException: Identificador inválido
	at java.base/java.io.FileInputStream.readBytes(Native Method) ~[?:?]
	at java.base/java.io.FileInputStream.read(FileInputStream.java:276) ~[?:?]
	at java.base/java.io.BufferedInputStream.fill(BufferedInputStream.java:244) ~[?:?]
	at java.base/java.io.BufferedInputStream.read(BufferedInputStream.java:263) ~[?:?]
	at org.bukkit.craftbukkit.libs.jline.internal.NonBlockingInputStream.read(NonBlockingInputStream.java:248) ~[spigot-1.8-R0.1-SNAPSHOT-latest.jar:git-Spigot-c3c767f-33d5de3]
	at org.bukkit.craftbukkit.libs.jline.internal.InputStreamReader.read(InputStreamReader.java:261) ~[spigot-1.8-R0.1-SNAPSHOT-latest.jar:git-Spigot-c3c767f-33d5de3]
	at org.bukkit.craftbukkit.libs.jline.internal.InputStreamReader.read(InputStreamReader.java:198) ~[spigot-1.8-R0.1-SNAPSHOT-latest.jar:git-Spigot-c3c767f-33d5de3]
	at org.bukkit.craftbukkit.libs.jline.console.ConsoleReader.readCharacter(ConsoleReader.java:2145) ~[spigot-1.8-R0.1-SNAPSHOT-latest.jar:git-Spigot-c3c767f-33d5de3]
	at org.bukkit.craftbukkit.libs.jline.console.ConsoleReader.readLineSimple(ConsoleReader.java:3183) ~[spigot-1.8-R0.1-SNAPSHOT-latest.jar:git-Spigot-c3c767f-33d5de3]
	at org.bukkit.craftbukkit.libs.jline.console.ConsoleReader.readLine(ConsoleReader.java:2333) ~[spigot-1.8-R0.1-SNAPSHOT-latest.jar:git-Spigot-c3c767f-33d5de3]
	at org.bukkit.craftbukkit.libs.jline.console.ConsoleReader.readLine(ConsoleReader.java:2269) ~[spigot-1.8-R0.1-SNAPSHOT-latest.jar:git-Spigot-c3c767f-33d5de3]
	at org.bukkit.craftbukkit.libs.jline.console.ConsoleReader.readLine(ConsoleReader.java:2257) ~[spigot-1.8-R0.1-SNAPSHOT-latest.jar:git-Spigot-c3c767f-33d5de3]
	at net.minecraft.server.v1_8_R1.ThreadCommandReader.run(ThreadCommandReader.java:35) [spigot-1.8-R0.1-SNAPSHOT-latest.jar:git-Spigot-c3c767f-33d5de3]
[09:59:50] [Server thread/INFO]: Starting minecraft server version 1.8
[09:59:50] [Server thread/INFO]: Loading properties
[09:59:51] [Server thread/INFO]: Default game type: SURVIVAL
[09:59:51] [Server thread/INFO]: This server is running CraftBukkit version git-Spigot-c3c767f-33d5de3 (MC: 1.8) (Implementing API version 1.8-R0.1-SNAPSHOT)
[09:59:51] [Server thread/INFO]: Server Ping Player Sample Count: 12

[09:59:51] [Server thread/INFO]: Using 4 threads for Netty based IO
[09:59:51] [Server thread/INFO]: Debug logging is disabled
[09:59:51] [Server thread/INFO]: Generating keypair
[09:59:52] [Server thread/INFO]: Starting Minecraft server on *:25565
[09:59:52] [Server thread/INFO]: Your platform does not provide complete low-level API for accessing direct buffers reliably. Unless explicitly requested, heap buffer will always be preferred to avoid potential system unstability.
[09:59:52] [Server thread/INFO]: Set PluginClassLoader as parallel capable
[09:59:52] [Server thread/ERROR]: Could not load 'plugins\teste.jar' in folder 'plugins'
org.bukkit.plugin.InvalidPluginException: Cannot find main class `me.sharon.Main'
	at org.bukkit.plugin.java.PluginClassLoader.<init>(PluginClassLoader.java:66) ~[spigot-1.8-R0.1-SNAPSHOT-latest.jar:git-Spigot-c3c767f-33d5de3]
	at org.bukkit.plugin.java.JavaPluginLoader.loadPlugin(JavaPluginLoader.java:131) ~[spigot-1.8-R0.1-SNAPSHOT-latest.jar:git-Spigot-c3c767f-33d5de3]
	at org.bukkit.plugin.SimplePluginManager.loadPlugin(SimplePluginManager.java:329) ~[spigot-1.8-R0.1-SNAPSHOT-latest.jar:git-Spigot-c3c767f-33d5de3]
	at org.bukkit.plugin.SimplePluginManager.loadPlugins(SimplePluginManager.java:251) [spigot-1.8-R0.1-SNAPSHOT-latest.jar:git-Spigot-c3c767f-33d5de3]
	at org.bukkit.craftbukkit.v1_8_R1.CraftServer.loadPlugins(CraftServer.java:291) [spigot-1.8-R0.1-SNAPSHOT-latest.jar:git-Spigot-c3c767f-33d5de3]
	at net.minecraft.server.v1_8_R1.DedicatedServer.init(DedicatedServer.java:152) [spigot-1.8-R0.1-SNAPSHOT-latest.jar:git-Spigot-c3c767f-33d5de3]
	at net.minecraft.server.v1_8_R1.MinecraftServer.run(MinecraftServer.java:505) [spigot-1.8-R0.1-SNAPSHOT-latest.jar:git-Spigot-c3c767f-33d5de3]
	at java.base/java.lang.Thread.run(Thread.java:833) [?:?]
Caused by: java.lang.ClassNotFoundException: me.sharon.Main
	at java.base/java.net.URLClassLoader.findClass(URLClassLoader.java:445) ~[?:?]
	at org.bukkit.plugin.java.PluginClassLoader.findClass(PluginClassLoader.java:101) ~[spigot-1.8-R0.1-SNAPSHOT-latest.jar:git-Spigot-c3c767f-33d5de3]
	at org.bukkit.plugin.java.PluginClassLoader.findClass(PluginClassLoader.java:86) ~[spigot-1.8-R0.1-SNAPSHOT-latest.jar:git-Spigot-c3c767f-33d5de3]
	at java.base/java.lang.ClassLoader.loadClass(ClassLoader.java:587) ~[?:?]
	at java.base/java.lang.ClassLoader.loadClass(ClassLoader.java:520) ~[?:?]
	at java.base/java.lang.Class.forName0(Native Method) ~[?:?]
	at java.base/java.lang.Class.forName(Class.java:467) ~[?:?]
	at org.bukkit.plugin.java.PluginClassLoader.<init>(PluginClassLoader.java:64) ~[spigot-1.8-R0.1-SNAPSHOT-latest.jar:git-Spigot-c3c767f-33d5de3]
	... 7 more
[09:59:52] [Server thread/INFO]: [Bao] Loading Bao v1.0-SNAPSHOT
[09:59:52] [Server thread/WARN]: **** SERVER IS RUNNING IN OFFLINE/INSECURE MODE!
[09:59:52] [Server thread/WARN]: The server will make no attempt to authenticate usernames. Beware.
[09:59:52] [Server thread/WARN]: While this makes the game possible to play without internet access, it also opens up the ability for hackers to connect with any username they choose.
[09:59:52] [Server thread/WARN]: To change this, set "online-mode" to "true" in the server.properties file.
[09:59:52] [Server thread/INFO]: **** Beginning UUID conversion, this may take A LONG time ****
[09:59:53] [Server thread/INFO]: Preparing level "world"
[09:59:53] [Server thread/INFO]: -------- World Settings For [world] --------
[09:59:53] [Server thread/INFO]: Item Despawn Rate: 6000
[09:59:53] [Server thread/INFO]: Item Merge Radius: 2.5
[09:59:53] [Server thread/INFO]: Arrow Despawn Rate: 1200
[09:59:53] [Server thread/INFO]: View Distance: 10
[09:59:53] [Server thread/INFO]: Zombie Aggressive Towards Villager: true
[09:59:53] [Server thread/INFO]: Chunks to Grow per Tick: 650
[09:59:53] [Server thread/INFO]: Clear tick list: false
[09:59:53] [Server thread/INFO]: Experience Merge Radius: 3.0
[09:59:53] [Server thread/INFO]: Mob Spawn Range: 4
[09:59:53] [Server thread/INFO]: Anti X-Ray: true
[09:59:53] [Server thread/INFO]: 	Engine Mode: 1
[09:59:53] [Server thread/INFO]: 	Hidden Blocks: [14, 15, 16, 21, 48, 49, 54, 56, 73, 74, 82, 129, 130]
[09:59:53] [Server thread/INFO]: 	Replace Blocks: [1, 5]
[09:59:53] [Server thread/INFO]: Nerfing mobs spawned from spawners: false
[09:59:53] [Server thread/INFO]: Cactus Growth Modifier: 100%
[09:59:53] [Server thread/INFO]: Cane Growth Modifier: 100%
[09:59:53] [Server thread/INFO]: Melon Growth Modifier: 100%
[09:59:53] [Server thread/INFO]: Mushroom Growth Modifier: 100%
[09:59:53] [Server thread/INFO]: Pumpkin Growth Modifier: 100%
[09:59:53] [Server thread/INFO]: Sapling Growth Modifier: 100%
[09:59:53] [Server thread/INFO]: Wheat Growth Modifier: 100%
[09:59:53] [Server thread/INFO]: Entity Activation Range: An 32 / Mo 32 / Mi 16
[09:59:53] [Server thread/INFO]: Entity Tracking Range: Pl 48 / An 48 / Mo 48 / Mi 32 / Other 64
[09:59:53] [Server thread/INFO]: Alternative Hopper Ticking: false
[09:59:53] [Server thread/INFO]: Hopper Transfer: 8 Hopper Check: 8 Hopper Amount: 1
[09:59:53] [Server thread/INFO]: Random Lighting Updates: false
[09:59:53] [Server thread/INFO]: Structure Info Saving: true
[09:59:53] [Server thread/INFO]: Sending up to 10 chunks per packet
[09:59:53] [Server thread/INFO]: Max Entity Collisions: 8
[09:59:53] [Server thread/INFO]: Custom Map Seeds:  Village: 10387312 Feature: 14357617
[09:59:53] [Server thread/INFO]: Max TNT Explosions: 100
[09:59:53] [Server thread/INFO]: Tile Max Tick Time: 50ms Entity max Tick Time: 50ms
[09:59:53] [Server thread/INFO]: Allow Zombie Pigmen to spawn from portal blocks: true
[09:59:53] [Server thread/INFO]: -------- World Settings For [world_nether] --------
[09:59:53] [Server thread/INFO]: Item Despawn Rate: 6000
[09:59:53] [Server thread/INFO]: Item Merge Radius: 2.5
[09:59:53] [Server thread/INFO]: Arrow Despawn Rate: 1200
[09:59:53] [Server thread/INFO]: View Distance: 10
[09:59:53] [Server thread/INFO]: Zombie Aggressive Towards Villager: true
[09:59:53] [Server thread/INFO]: Chunks to Grow per Tick: 650
[09:59:53] [Server thread/INFO]: Clear tick list: false
[09:59:53] [Server thread/INFO]: Experience Merge Radius: 3.0
[09:59:53] [Server thread/INFO]: Mob Spawn Range: 4
[09:59:53] [Server thread/INFO]: Anti X-Ray: true
[09:59:53] [Server thread/INFO]: 	Engine Mode: 1
[09:59:53] [Server thread/INFO]: 	Hidden Blocks: [14, 15, 16, 21, 48, 49, 54, 56, 73, 74, 82, 129, 130]
[09:59:53] [Server thread/INFO]: 	Replace Blocks: [1, 5]
[09:59:53] [Server thread/INFO]: Nerfing mobs spawned from spawners: false
[09:59:53] [Server thread/INFO]: Cactus Growth Modifier: 100%
[09:59:53] [Server thread/INFO]: Cane Growth Modifier: 100%
[09:59:53] [Server thread/INFO]: Melon Growth Modifier: 100%
[09:59:53] [Server thread/INFO]: Mushroom Growth Modifier: 100%
[09:59:53] [Server thread/INFO]: Pumpkin Growth Modifier: 100%
[09:59:53] [Server thread/INFO]: Sapling Growth Modifier: 100%
[09:59:53] [Server thread/INFO]: Wheat Growth Modifier: 100%
[09:59:53] [Server thread/INFO]: Entity Activation Range: An 32 / Mo 32 / Mi 16
[09:59:53] [Server thread/INFO]: Entity Tracking Range: Pl 48 / An 48 / Mo 48 / Mi 32 / Other 64
[09:59:53] [Server thread/INFO]: Alternative Hopper Ticking: false
[09:59:53] [Server thread/INFO]: Hopper Transfer: 8 Hopper Check: 8 Hopper Amount: 1
[09:59:53] [Server thread/INFO]: Random Lighting Updates: false
[09:59:53] [Server thread/INFO]: Structure Info Saving: true
[09:59:53] [Server thread/INFO]: Sending up to 10 chunks per packet
[09:59:53] [Server thread/INFO]: Max Entity Collisions: 8
[09:59:53] [Server thread/INFO]: Custom Map Seeds:  Village: 10387312 Feature: 14357617
[09:59:53] [Server thread/INFO]: Max TNT Explosions: 100
[09:59:53] [Server thread/INFO]: Tile Max Tick Time: 50ms Entity max Tick Time: 50ms
[09:59:53] [Server thread/INFO]: Allow Zombie Pigmen to spawn from portal blocks: true
[09:59:53] [Server thread/INFO]: -------- World Settings For [world_the_end] --------
[09:59:53] [Server thread/INFO]: Item Despawn Rate: 6000
[09:59:53] [Server thread/INFO]: Item Merge Radius: 2.5
[09:59:53] [Server thread/INFO]: Arrow Despawn Rate: 1200
[09:59:53] [Server thread/INFO]: View Distance: 10
[09:59:53] [Server thread/INFO]: Zombie Aggressive Towards Villager: true
[09:59:53] [Server thread/INFO]: Chunks to Grow per Tick: 650
[09:59:53] [Server thread/INFO]: Clear tick list: false
[09:59:53] [Server thread/INFO]: Experience Merge Radius: 3.0
[09:59:53] [Server thread/INFO]: Mob Spawn Range: 4
[09:59:53] [Server thread/INFO]: Anti X-Ray: true
[09:59:53] [Server thread/INFO]: 	Engine Mode: 1
[09:59:53] [Server thread/INFO]: 	Hidden Blocks: [14, 15, 16, 21, 48, 49, 54, 56, 73, 74, 82, 129, 130]
[09:59:53] [Server thread/INFO]: 	Replace Blocks: [1, 5]
[09:59:53] [Server thread/INFO]: Nerfing mobs spawned from spawners: false
[09:59:53] [Server thread/INFO]: Cactus Growth Modifier: 100%
[09:59:53] [Server thread/INFO]: Cane Growth Modifier: 100%
[09:59:53] [Server thread/INFO]: Melon Growth Modifier: 100%
[09:59:53] [Server thread/INFO]: Mushroom Growth Modifier: 100%
[09:59:53] [Server thread/INFO]: Pumpkin Growth Modifier: 100%
[09:59:53] [Server thread/INFO]: Sapling Growth Modifier: 100%
[09:59:53] [Server thread/INFO]: Wheat Growth Modifier: 100%
[09:59:53] [Server thread/INFO]: Entity Activation Range: An 32 / Mo 32 / Mi 16
[09:59:53] [Server thread/INFO]: Entity Tracking Range: Pl 48 / An 48 / Mo 48 / Mi 32 / Other 64
[09:59:53] [Server thread/INFO]: Alternative Hopper Ticking: false
[09:59:53] [Server thread/INFO]: Hopper Transfer: 8 Hopper Check: 8 Hopper Amount: 1
[09:59:53] [Server thread/INFO]: Random Lighting Updates: false
[09:59:53] [Server thread/INFO]: Structure Info Saving: true
[09:59:53] [Server thread/INFO]: Sending up to 10 chunks per packet
[09:59:53] [Server thread/INFO]: Max Entity Collisions: 8
[09:59:53] [Server thread/INFO]: Custom Map Seeds:  Village: 10387312 Feature: 14357617
[09:59:53] [Server thread/INFO]: Max TNT Explosions: 100
[09:59:53] [Server thread/INFO]: Tile Max Tick Time: 50ms Entity max Tick Time: 50ms
[09:59:53] [Server thread/INFO]: Allow Zombie Pigmen to spawn from portal blocks: true
[09:59:53] [Server thread/INFO]: Preparing start region for level 0 (Seed: 5623365264766198884)
[09:59:54] [Server thread/INFO]: Preparing spawn area: 14%
[09:59:55] [Server thread/INFO]: Preparing spawn area: 50%
[09:59:56] [Server thread/INFO]: Preparing spawn area: 97%
[09:59:56] [Server thread/INFO]: Preparing start region for level 1 (Seed: 5623365264766198884)
[09:59:58] [Server thread/INFO]: Preparing spawn area: 29%
[09:59:58] [Server thread/INFO]: Preparing start region for level 2 (Seed: 5623365264766198884)
[09:59:59] [Server thread/INFO]: [Bao] Enabling Bao v1.0-SNAPSHOT
[09:59:59] [Server thread/INFO]: TutorialPlgin Iniciado.

[09:59:59] [Server thread/INFO]: Server permissions file permissions.yml is empty, ignoring it
[09:59:59] [Server thread/INFO]: Done (6,446s)! For help, type "help" or "?"
[10:00:33] [Server thread/INFO]: Starting minecraft server version 1.8
[10:00:33] [Server thread/INFO]: Loading properties
[10:00:33] [Server thread/INFO]: Default game type: SURVIVAL
[10:00:34] [Server thread/INFO]: This server is running CraftBukkit version git-Spigot-c3c767f-33d5de3 (MC: 1.8) (Implementing API version 1.8-R0.1-SNAPSHOT)
[10:00:34] [Server thread/INFO]: Server Ping Player Sample Count: 12

[10:00:34] [Server thread/INFO]: Using 4 threads for Netty based IO
[10:00:34] [Server thread/INFO]: Debug logging is disabled
[10:00:34] [Server thread/INFO]: Generating keypair
[10:00:35] [Server thread/INFO]: Starting Minecraft server on *:25565
[10:00:35] [Server thread/INFO]: Your platform does not provide complete low-level API for accessing direct buffers reliably. Unless explicitly requested, heap buffer will always be preferred to avoid potential system unstability.
[10:00:35] [Server thread/WARN]: **** FAILED TO BIND TO PORT!
[10:00:35] [Server thread/WARN]: The exception was: java.net.BindException: Address already in use: bind
[10:00:35] [Server thread/WARN]: Perhaps a server is already running on that port?
[10:00:35] [Server thread/INFO]: Stopping server
[10:00:35] [Server thread/INFO]: Saving players
[10:00:55] [Server thread/INFO]: Starting minecraft server version 1.8
[10:00:55] [Server thread/INFO]: Loading properties
[10:00:55] [Server thread/INFO]: Default game type: SURVIVAL
[10:00:55] [Server thread/INFO]: This server is running CraftBukkit version git-Spigot-c3c767f-33d5de3 (MC: 1.8) (Implementing API version 1.8-R0.1-SNAPSHOT)
[10:00:56] [Server thread/INFO]: Server Ping Player Sample Count: 12

[10:00:56] [Server thread/INFO]: Using 4 threads for Netty based IO
[10:00:56] [Server thread/INFO]: Debug logging is disabled
[10:00:56] [Server thread/INFO]: Generating keypair
[10:00:57] [Server thread/INFO]: Starting Minecraft server on *:25565
[10:00:57] [Server thread/INFO]: Your platform does not provide complete low-level API for accessing direct buffers reliably. Unless explicitly requested, heap buffer will always be preferred to avoid potential system unstability.
[10:00:57] [Server thread/WARN]: **** FAILED TO BIND TO PORT!
[10:00:57] [Server thread/WARN]: The exception was: java.net.BindException: Address already in use: bind
[10:00:57] [Server thread/WARN]: Perhaps a server is already running on that port?
[10:00:57] [Server thread/INFO]: Stopping server
[10:00:57] [Server thread/INFO]: Saving players
[10:01:46] [Server thread/INFO]: Starting minecraft server version 1.8
[10:01:46] [Server thread/INFO]: Loading properties
[10:01:46] [Server thread/INFO]: Default game type: SURVIVAL
[10:01:46] [Server thread/INFO]: This server is running CraftBukkit version git-Spigot-c3c767f-33d5de3 (MC: 1.8) (Implementing API version 1.8-R0.1-SNAPSHOT)
[10:01:47] [Server thread/INFO]: Using 4 threads for Netty based IO
[10:01:47] [Server thread/INFO]: Server Ping Player Sample Count: 12

[10:01:47] [Server thread/INFO]: Debug logging is disabled
[10:01:47] [Server thread/INFO]: Generating keypair
[10:01:48] [Server thread/INFO]: Starting Minecraft server on *:25565
[10:01:48] [Server thread/INFO]: Your platform does not provide complete low-level API for accessing direct buffers reliably. Unless explicitly requested, heap buffer will always be preferred to avoid potential system unstability.
[10:01:48] [Server thread/WARN]: **** FAILED TO BIND TO PORT!
[10:01:48] [Server thread/WARN]: The exception was: java.net.BindException: Address already in use: bind
[10:01:48] [Server thread/WARN]: Perhaps a server is already running on that port?
[10:01:48] [Server thread/INFO]: Stopping server
[10:01:48] [Server thread/INFO]: Saving players
[10:01:58] [Server thread/INFO]: Starting minecraft server version 1.8
[10:01:58] [Server thread/INFO]: Loading properties
[10:01:58] [Server thread/INFO]: Default game type: SURVIVAL
[10:01:59] [Server thread/INFO]: This server is running CraftBukkit version git-Spigot-c3c767f-33d5de3 (MC: 1.8) (Implementing API version 1.8-R0.1-SNAPSHOT)
[10:01:59] [Server thread/INFO]: Server Ping Player Sample Count: 12

[10:01:59] [Server thread/INFO]: Using 4 threads for Netty based IO
[10:01:59] [Server thread/INFO]: Debug logging is disabled
[10:01:59] [Server thread/INFO]: Generating keypair
[10:02:00] [Server thread/INFO]: Starting Minecraft server on *:25565
[10:02:00] [Server thread/INFO]: Your platform does not provide complete low-level API for accessing direct buffers reliably. Unless explicitly requested, heap buffer will always be preferred to avoid potential system unstability.
[10:02:00] [Server thread/WARN]: **** FAILED TO BIND TO PORT!
[10:02:00] [Server thread/WARN]: The exception was: java.net.BindException: Address already in use: bind
[10:02:00] [Server thread/WARN]: Perhaps a server is already running on that port?
[10:02:00] [Server thread/INFO]: Stopping server
[10:02:00] [Server thread/INFO]: Saving players
[10:02:49] [Server thread/INFO]: Starting minecraft server version 1.8
[10:02:49] [Server thread/INFO]: Loading properties
[10:02:49] [Server thread/INFO]: Default game type: SURVIVAL
[10:02:49] [Server thread/INFO]: This server is running CraftBukkit version git-Spigot-c3c767f-33d5de3 (MC: 1.8) (Implementing API version 1.8-R0.1-SNAPSHOT)
[10:02:50] [Server thread/INFO]: Server Ping Player Sample Count: 12

[10:02:50] [Server thread/INFO]: Using 4 threads for Netty based IO
[10:02:50] [Server thread/INFO]: Debug logging is disabled
[10:02:50] [Server thread/INFO]: Generating keypair
[10:02:50] [Server thread/INFO]: Starting Minecraft server on *:25565
[10:02:50] [Server thread/INFO]: Your platform does not provide complete low-level API for accessing direct buffers reliably. Unless explicitly requested, heap buffer will always be preferred to avoid potential system unstability.
[10:02:51] [Server thread/WARN]: **** FAILED TO BIND TO PORT!
[10:02:51] [Server thread/WARN]: The exception was: java.net.BindException: Address already in use: bind
[10:02:51] [Server thread/WARN]: Perhaps a server is already running on that port?
[10:02:51] [Server thread/INFO]: Stopping server
[10:02:51] [Server thread/INFO]: Saving players
[10:03:57] [Server thread/INFO]: Starting minecraft server version 1.8
[10:03:57] [Server thread/INFO]: Loading properties
[10:03:57] [Server thread/INFO]: Default game type: SURVIVAL
[10:03:57] [Server thread/INFO]: This server is running CraftBukkit version git-Spigot-c3c767f-33d5de3 (MC: 1.8) (Implementing API version 1.8-R0.1-SNAPSHOT)
[10:03:58] [Server thread/INFO]: Server Ping Player Sample Count: 12

[10:03:58] [Server thread/INFO]: Using 4 threads for Netty based IO
[10:03:58] [Server thread/INFO]: Debug logging is disabled
[10:03:58] [Server thread/INFO]: Generating keypair
[10:03:59] [Server thread/INFO]: Starting Minecraft server on *:25565
[10:03:59] [Server thread/INFO]: Your platform does not provide complete low-level API for accessing direct buffers reliably. Unless explicitly requested, heap buffer will always be preferred to avoid potential system unstability.
[10:03:59] [Server thread/WARN]: **** FAILED TO BIND TO PORT!
[10:03:59] [Server thread/WARN]: The exception was: java.net.BindException: Address already in use: bind
[10:03:59] [Server thread/WARN]: Perhaps a server is already running on that port?
[10:03:59] [Server thread/INFO]: Stopping server
[10:03:59] [Server thread/INFO]: Saving players
[10:05:20] [Server thread/INFO]: Starting minecraft server version 1.8
[10:05:20] [Server thread/INFO]: Loading properties
[10:05:20] [Server thread/INFO]: Default game type: SURVIVAL
[10:05:20] [Server thread/INFO]: This server is running CraftBukkit version git-Spigot-c3c767f-33d5de3 (MC: 1.8) (Implementing API version 1.8-R0.1-SNAPSHOT)
[10:05:21] [Server thread/INFO]: Server Ping Player Sample Count: 12

[10:05:21] [Server thread/INFO]: Using 4 threads for Netty based IO
[10:05:21] [Server thread/INFO]: Debug logging is disabled
[10:05:21] [Server thread/INFO]: Generating keypair
[10:05:21] [Server thread/INFO]: Starting Minecraft server on *:25565
[10:05:21] [Server thread/INFO]: Your platform does not provide complete low-level API for accessing direct buffers reliably. Unless explicitly requested, heap buffer will always be preferred to avoid potential system unstability.
[10:05:21] [Server thread/WARN]: **** FAILED TO BIND TO PORT!
[10:05:21] [Server thread/WARN]: The exception was: java.net.BindException: Address already in use: bind
[10:05:21] [Server thread/WARN]: Perhaps a server is already running on that port?
[10:05:21] [Server thread/INFO]: Stopping server
[10:05:21] [Server thread/INFO]: Saving players
[10:53:23] [Server thread/INFO]: Starting minecraft server version 1.8
[10:53:23] [Server thread/INFO]: Loading properties
[10:53:23] [Server thread/INFO]: Default game type: SURVIVAL
[10:53:24] [Server thread/INFO]: This server is running CraftBukkit version git-Spigot-c3c767f-33d5de3 (MC: 1.8) (Implementing API version 1.8-R0.1-SNAPSHOT)
[10:53:24] [Server thread/INFO]: Server Ping Player Sample Count: 12

[10:53:24] [Server thread/INFO]: Using 4 threads for Netty based IO
[10:53:24] [Server thread/INFO]: Debug logging is disabled
[10:53:24] [Server thread/INFO]: Generating keypair
[10:53:25] [Server thread/INFO]: Starting Minecraft server on *:25565
[10:53:25] [Server thread/INFO]: Your platform does not provide complete low-level API for accessing direct buffers reliably. Unless explicitly requested, heap buffer will always be preferred to avoid potential system unstability.
[10:53:25] [Server thread/WARN]: **** FAILED TO BIND TO PORT!
[10:53:25] [Server thread/WARN]: The exception was: java.net.BindException: Address already in use: bind
[10:53:25] [Server thread/WARN]: Perhaps a server is already running on that port?
[10:53:25] [Server thread/INFO]: Stopping server
[10:53:25] [Server thread/INFO]: Saving players
[10:53:47] [Server thread/INFO]: Starting minecraft server version 1.8
[10:53:47] [Server thread/INFO]: Loading properties
[10:53:47] [Server thread/INFO]: Default game type: SURVIVAL
[10:53:48] [Server thread/INFO]: This server is running CraftBukkit version git-Spigot-c3c767f-33d5de3 (MC: 1.8) (Implementing API version 1.8-R0.1-SNAPSHOT)
[10:53:48] [Server thread/INFO]: Server Ping Player Sample Count: 12

[10:53:48] [Server thread/INFO]: Using 4 threads for Netty based IO
[10:53:48] [Server thread/INFO]: Debug logging is disabled
[10:53:48] [Server thread/INFO]: Generating keypair
[10:53:48] [Server thread/INFO]: Starting Minecraft server on *:25565
[10:53:49] [Server thread/INFO]: Your platform does not provide complete low-level API for accessing direct buffers reliably. Unless explicitly requested, heap buffer will always be preferred to avoid potential system unstability.
[10:53:49] [Server thread/WARN]: **** FAILED TO BIND TO PORT!
[10:53:49] [Server thread/WARN]: The exception was: java.net.BindException: Address already in use: bind
[10:53:49] [Server thread/WARN]: Perhaps a server is already running on that port?
[10:53:49] [Server thread/INFO]: Stopping server
[10:53:49] [Server thread/INFO]: Saving players
